[debug] [2023-03-06T10:41:17.155Z] ----------------------------------------------------------------------
[debug] [2023-03-06T10:41:17.157Z] Command:       C:\Program Files\nodejs\node.exe C:\Users\zubai\AppData\Roaming\npm\node_modules\firebase-tools\lib\bin\firebase.js deploy
[debug] [2023-03-06T10:41:17.157Z] CLI Version:   11.20.0
[debug] [2023-03-06T10:41:17.158Z] Platform:      win32
[debug] [2023-03-06T10:41:17.158Z] Node Version:  v18.12.1
[debug] [2023-03-06T10:41:17.159Z] Time:          Mon Mar 06 2023 15:41:17 GMT+0500 (Pakistan Standard Time)
[debug] [2023-03-06T10:41:17.159Z] ----------------------------------------------------------------------
[debug] 
[debug] [2023-03-06T10:41:17.249Z] > command requires scopes: ["email","openid","https://www.googleapis.com/auth/cloudplatformprojects.readonly","https://www.googleapis.com/auth/firebase","https://www.googleapis.com/auth/cloud-platform"]
[debug] [2023-03-06T10:41:17.250Z] > authorizing via signed-in user (cheema4310@gmail.com)
[debug] [2023-03-06T10:41:17.250Z] [iam] checking project portfoliowebsite-36820 for permissions ["firebase.projects.get","firebasehosting.sites.update"]
[debug] [2023-03-06T10:41:17.252Z] >>> [apiv2][query] POST https://cloudresourcemanager.googleapis.com/v1/projects/portfoliowebsite-36820:testIamPermissions [none]
[debug] [2023-03-06T10:41:17.252Z] >>> [apiv2][(partial)header] POST https://cloudresourcemanager.googleapis.com/v1/projects/portfoliowebsite-36820:testIamPermissions x-goog-quota-user=projects/portfoliowebsite-36820
[debug] [2023-03-06T10:41:17.252Z] >>> [apiv2][body] POST https://cloudresourcemanager.googleapis.com/v1/projects/portfoliowebsite-36820:testIamPermissions {"permissions":["firebase.projects.get","firebasehosting.sites.update"]}
[debug] [2023-03-06T10:41:18.810Z] <<< [apiv2][status] POST https://cloudresourcemanager.googleapis.com/v1/projects/portfoliowebsite-36820:testIamPermissions 200
[debug] [2023-03-06T10:41:18.810Z] <<< [apiv2][body] POST https://cloudresourcemanager.googleapis.com/v1/projects/portfoliowebsite-36820:testIamPermissions {"permissions":["firebase.projects.get","firebasehosting.sites.update"]}
[debug] [2023-03-06T10:41:18.813Z] >>> [apiv2][query] GET https://firebase.googleapis.com/v1beta1/projects/portfoliowebsite-36820 [none]
[debug] [2023-03-06T10:41:19.425Z] <<< [apiv2][status] GET https://firebase.googleapis.com/v1beta1/projects/portfoliowebsite-36820 200
[debug] [2023-03-06T10:41:19.426Z] <<< [apiv2][body] GET https://firebase.googleapis.com/v1beta1/projects/portfoliowebsite-36820 {"projectId":"portfoliowebsite-36820","projectNumber":"420771236110","displayName":"portfolioWebsite","name":"projects/portfoliowebsite-36820","resources":{"hostingSite":"portfoliowebsite-36820"},"state":"ACTIVE","etag":"1_97a132e5-674f-4e93-b261-10aab4837aba"}
[info] 
[info] === Deploying to 'portfoliowebsite-36820'...
[info] 
[info] i  deploying hosting 
[debug] [2023-03-06T10:41:19.449Z] >>> [apiv2][query] POST https://firebasehosting.googleapis.com/v1beta1/projects/-/sites/portfoliowebsite-36820/versions [none]
[debug] [2023-03-06T10:41:19.450Z] >>> [apiv2][body] POST https://firebasehosting.googleapis.com/v1beta1/projects/-/sites/portfoliowebsite-36820/versions {"status":"CREATED","labels":{"deployment-tool":"cli-firebase"}}
[debug] [2023-03-06T10:41:21.625Z] <<< [apiv2][status] POST https://firebasehosting.googleapis.com/v1beta1/projects/-/sites/portfoliowebsite-36820/versions 200
[debug] [2023-03-06T10:41:21.625Z] <<< [apiv2][body] POST https://firebasehosting.googleapis.com/v1beta1/projects/-/sites/portfoliowebsite-36820/versions {"name":"projects/420771236110/sites/portfoliowebsite-36820/versions/7533429be792a1a7","status":"CREATED","config":{},"labels":{"deployment-tool":"cli-firebase"}}
[info] i  hosting[portfoliowebsite-36820]: beginning deploy... 
[info] i  hosting[portfoliowebsite-36820]: found 24 files in build 
[debug] [2023-03-06T10:41:21.640Z] [hosting] uploading with 200 concurrency
[debug] [2023-03-06T10:41:21.646Z] [hosting] hash cache [YnVpbGQ] stored for 24 files
[debug] [2023-03-06T10:41:21.647Z] [hosting][hash queue][FINAL] {"max":3,"min":0,"avg":0,"active":0,"complete":24,"success":24,"errored":0,"retried":0,"total":24,"elapsed":5}
[debug] [2023-03-06T10:41:21.649Z] >>> [apiv2][query] POST https://firebasehosting.googleapis.com/v1beta1/projects/420771236110/sites/portfoliowebsite-36820/versions/7533429be792a1a7:populateFiles [none]
[debug] [2023-03-06T10:41:21.649Z] >>> [apiv2][body] POST https://firebasehosting.googleapis.com/v1beta1/projects/420771236110/sites/portfoliowebsite-36820/versions/7533429be792a1a7:populateFiles {"files":{"/asset-manifest.json":"ee5f8e3b5bdf2ca84b3a2a28f73288614c478ce8c46aa143ed248f1f54fed9d8","/favicon.ico":"c5a74d49d28988ea184c3c5b179c94f45fa700469e2dee09aff4b9a2e734abe9","/index.html":"29555a9254a61b2f8a54fe1e1ca94efcac79b99a1e81e7cc94e3aa21aa2b441b","/logo192.png":"80e86b3b3a96043744cdd4eb89adab63dc57f44a9f7b51d7c8856481b9cee5d5","/logo512.png":"80e86b3b3a96043744cdd4eb89adab63dc57f44a9f7b51d7c8856481b9cee5d5","/manifest.json":"d45e3d39701cb7ecc2982802957086469fce9018eee6def0620cf41fd96f2874","/robots.txt":"bfe106a3fb878dc83461c86818bf74fc1bdc7f28538ba613cd3e775516ce8b49","/static/css/289.88e01b9d.chunk.css":"c7deafc6f49357456ff90b78bd5b1899809234a249779ec21ab3bb125ad4008d","/static/css/289.88e01b9d.chunk.css.map":"aa44da876ac816e67975828dfd1fe1bb545da81035bba0261384212f4428974c","/static/css/3.835684bf.chunk.css":"3f59ea046cce3fff309888ea90d98992cc4b9a5811e5abce8d667bb95bfbbb17","/static/css/3.835684bf.chunk.css.map":"9e4eb5fbb6cfe592a8021923372ec75902b2bd7c212670caa58fb8e9e7a919c5","/static/css/main.9102d4b0.css":"0056f0968e138ceec9c83dae03a95481834cb6a2f62775977b871458634d99b2","/static/css/main.9102d4b0.css.map":"e2200878838689b63b2c70ee702fd1c12a2685653c5b74bea77cd02fa8af37f1","/static/js/289.1ba39691.chunk.js":"2348714159a7da7d0a397727e37b97599215261246593345748548fc8a0c5203","/static/js/289.1ba39691.chunk.js.map":"b85eb545cdacb96cf2bdbf56f6d5594a6129bd83533f44508133af1720eb1147","/static/js/3.b09f6745.chunk.js":"433c09c4a5be6604a984dca760e44b1e8a6917d4036d780b696b32ae8f60c11b","/static/js/3.b09f6745.chunk.js.map":"bf3a27d30bb2fa5fb81b9b108c54dc06df58c9c7977826eb1863a96b9c370b78","/static/js/719.d66a8b63.chunk.js":"fa28161063a0b089a909ddff72e7b1699f0080e9037e3b54708d306ed80515a8","/static/js/719.d66a8b63.chunk.js.map":"434ffaa57f49630b9e0aca398bfc54467c924433b068164d45b40a496dfae609","/static/js/main.a7f0bc44.js":"5b13aa8c7aa67ee8b9fa28b23915648dcc82408120ec6621d4979e8bca6938a4","/static/js/main.a7f0bc44.js.LICENSE.txt":"f0fdf3ec1b7f42c37f34facdc51d66b2e6c9428ca08d4c551e70f1738f3fba72","/static/js/main.a7f0bc44.js.map":"ea40b6255e18b26a1b8c1aa4a1cdc222136b3991e38916a6e9bdf64e7ebd31bb","/static/media/CheemaLebensLauf.80c44de97d2b8b8fa78c.pdf":"fae8e54cac28c8a428d278da23943b9c1b2cca04171d8d0629cba958dd39ed80","/static/media/dp.1d868208dd59a087db31.jpg":"15cb8fbe50d93c52772296f92514e611b0757ca145beeff23904d65c37f66217"}}
[debug] [2023-03-06T10:41:23.418Z] <<< [apiv2][status] POST https://firebasehosting.googleapis.com/v1beta1/projects/420771236110/sites/portfoliowebsite-36820/versions/7533429be792a1a7:populateFiles 200
[debug] [2023-03-06T10:41:23.418Z] <<< [apiv2][body] POST https://firebasehosting.googleapis.com/v1beta1/projects/420771236110/sites/portfoliowebsite-36820/versions/7533429be792a1a7:populateFiles {"uploadUrl":"https://upload-firebasehosting.googleapis.com/upload/sites/portfoliowebsite-36820/versions/7533429be792a1a7/files"}
[debug] [2023-03-06T10:41:23.418Z] [hosting][populate queue][FINAL] {"max":1773,"min":1773,"avg":1773,"active":0,"complete":1,"success":1,"errored":0,"retried":0,"total":1,"elapsed":1773}
[debug] [2023-03-06T10:41:23.418Z] [hosting] uploads queued: 0
[debug] [2023-03-06T10:41:23.419Z] [hosting][upload queue][FINAL] {"max":0,"min":9999999999,"avg":0,"active":0,"complete":0,"success":0,"errored":0,"retried":0,"total":0,"elapsed":1678099283419}
[info] +  hosting[portfoliowebsite-36820]: file upload complete 
[debug] [2023-03-06T10:41:23.420Z] [hosting] deploy completed after 1793ms
[debug] [2023-03-06T10:41:23.422Z] [
  {
    "config": {
      "public": "build",
      "ignore": [
        "firebase.json",
        "**/.*",
        "**/node_modules/**"
      ],
      "rewrites": [
        {
          "source": "**",
          "destination": "/index.html"
        }
      ],
      "site": "portfoliowebsite-36820"
    },
    "version": "projects/420771236110/sites/portfoliowebsite-36820/versions/7533429be792a1a7"
  }
]
[info] i  hosting[portfoliowebsite-36820]: finalizing version... 
[debug] [2023-03-06T10:41:23.428Z] >>> [apiv2][query] PATCH https://firebasehosting.googleapis.com/v1beta1/projects/-/sites/portfoliowebsite-36820/versions/7533429be792a1a7 updateMask=status%2Cconfig
[debug] [2023-03-06T10:41:23.428Z] >>> [apiv2][body] PATCH https://firebasehosting.googleapis.com/v1beta1/projects/-/sites/portfoliowebsite-36820/versions/7533429be792a1a7 {"status":"FINALIZED","config":{"rewrites":[{"glob":"**","path":"/index.html"}]}}
